c:\users\david\documents\robotics\assignment2robot\assignment2robot\x64\debug\vc141.pdb
c:\users\david\documents\robotics\assignment2robot\assignment2robot\x64\debug\vc141.idb
c:\users\david\documents\robotics\assignment2robot\assignment2robot\x64\debug\avoid.obj
c:\users\david\documents\robotics\assignment2robot\assignment2robot\x64\debug\follow.obj
c:\users\david\documents\robotics\assignment2robot\assignment2robot\x64\debug\main.obj
c:\users\david\documents\robotics\assignment2robot\assignment2robot\x64\debug\map.obj
c:\users\david\documents\robotics\assignment2robot\assignment2robot\x64\debug\wander.obj
c:\users\david\documents\robotics\assignment2robot\x64\debug\assignment2robot.pdb
c:\users\david\documents\robotics\assignment2robot\assignment2robot\x64\debug\assignment2robot.tlog\cl.command.1.tlog
c:\users\david\documents\robotics\assignment2robot\assignment2robot\x64\debug\assignment2robot.tlog\cl.read.1.tlog
c:\users\david\documents\robotics\assignment2robot\assignment2robot\x64\debug\assignment2robot.tlog\cl.write.1.tlog
c:\users\david\documents\robotics\assignment2robot\assignment2robot\x64\debug\assignment2robot.tlog\link-cvtres.read.1.tlog
c:\users\david\documents\robotics\assignment2robot\assignment2robot\x64\debug\assignment2robot.tlog\link-cvtres.write.1.tlog
c:\users\david\documents\robotics\assignment2robot\assignment2robot\x64\debug\assignment2robot.tlog\link-rc.read.1.tlog
c:\users\david\documents\robotics\assignment2robot\assignment2robot\x64\debug\assignment2robot.tlog\link-rc.write.1.tlog
c:\users\david\documents\robotics\assignment2robot\assignment2robot\x64\debug\assignment2robot.tlog\link.5404-cvtres.read.1.tlog
c:\users\david\documents\robotics\assignment2robot\assignment2robot\x64\debug\assignment2robot.tlog\link.5404-cvtres.write.1.tlog
c:\users\david\documents\robotics\assignment2robot\assignment2robot\x64\debug\assignment2robot.tlog\link.5404-rc.read.1.tlog
c:\users\david\documents\robotics\assignment2robot\assignment2robot\x64\debug\assignment2robot.tlog\link.5404-rc.write.1.tlog
c:\users\david\documents\robotics\assignment2robot\assignment2robot\x64\debug\assignment2robot.tlog\link.5404.read.1.tlog
c:\users\david\documents\robotics\assignment2robot\assignment2robot\x64\debug\assignment2robot.tlog\link.5404.write.1.tlog
c:\users\david\documents\robotics\assignment2robot\assignment2robot\x64\debug\assignment2robot.tlog\link.command.1.tlog
c:\users\david\documents\robotics\assignment2robot\assignment2robot\x64\debug\assignment2robot.tlog\link.read.1.tlog
c:\users\david\documents\robotics\assignment2robot\assignment2robot\x64\debug\assignment2robot.tlog\link.write.1.tlog
